
  .   ____          _            __ _ _
 /\\ / ___'_ __ _ _(_)_ __  __ _ \ \ \ \
( ( )\___ | '_ | '_| | '_ \/ _` | \ \ \ \
 \\/  ___)| |_)| | | | | || (_| |  ) ) ) )
  '  |____| .__|_| |_|_| |_\__, | / / / /
 =========|_|==============|___/=/_/_/_/

 :: Spring Boot ::                (v3.3.5)

2026-03-16T20:10:47.031+07:00  INFO 32204 --- [unicare_backend] [           main] o.e.u.UnicareBackendApplication          : Starting UnicareBackendApplication v0.0.1-SNAPSHOT using Java 21.0.6 with PID 32204 (C:\Users\duong\OneDrive\Documents\unicare_backend\target\unicare_backend-0.0.1-SNAPSHOT.jar started by duong in C:\Users\duong\OneDrive\Documents\unicare_backend)
2026-03-16T20:10:47.034+07:00  INFO 32204 --- [unicare_backend] [           main] o.e.u.UnicareBackendApplication          : No active profile set, falling back to 1 default profile: "default"
2026-03-16T20:10:47.781+07:00  INFO 32204 --- [unicare_backend] [           main] .s.d.r.c.RepositoryConfigurationDelegate : Bootstrapping Spring Data MongoDB repositories in DEFAULT mode.
2026-03-16T20:10:47.832+07:00  INFO 32204 --- [unicare_backend] [           main] .s.d.r.c.RepositoryConfigurationDelegate : Finished Spring Data repository scanning in 46 ms. Found 3 MongoDB repository interfaces.
2026-03-16T20:10:48.433+07:00  INFO 32204 --- [unicare_backend] [           main] o.s.b.w.embedded.tomcat.TomcatWebServer  : Tomcat initialized with port 8080 (http)
2026-03-16T20:10:48.448+07:00  INFO 32204 --- [unicare_backend] [           main] o.apache.catalina.core.StandardService   : Starting service [Tomcat]
2026-03-16T20:10:48.449+07:00  INFO 32204 --- [unicare_backend] [           main] o.apache.catalina.core.StandardEngine    : Starting Servlet engine: [Apache Tomcat/10.1.31]
2026-03-16T20:10:48.486+07:00  INFO 32204 --- [unicare_backend] [           main] o.a.c.c.C.[Tomcat].[localhost].[/]       : Initializing Spring embedded WebApplicationContext
2026-03-16T20:10:48.486+07:00  INFO 32204 --- [unicare_backend] [           main] w.s.c.ServletWebServerApplicationContext : Root WebApplicationContext: initialization completed in 1418 ms
2026-03-16T20:10:48.836+07:00  INFO 32204 --- [unicare_backend] [           main] org.mongodb.driver.client                : MongoClient with metadata {"application": {"name": "Cluster0"}, "driver": {"name": "mongo-java-driver|sync|spring-boot", "version": "5.0.1"}, "os": {"type": "Windows", "name": "Windows 11", "architecture": "amd64", "version": "10.0"}, "platform": "Java/Oracle Corporation/21.0.6+8-LTS-188"} created with settings MongoClientSettings{readPreference=primary, writeConcern=WriteConcern{w=null, wTimeout=null ms, journal=null}, retryWrites=true, retryReads=true, readConcern=ReadConcern{level=null}, credential=MongoCredential{mechanism=null, userName='manh', source='admin', password=<hidden>, mechanismProperties=<hidden>}, transportSettings=null, commandListeners=[], codecRegistry=ProvidersCodecRegistry{codecProviders=[ValueCodecProvider{}, BsonValueCodecProvider{}, DBRefCodecProvider{}, DBObjectCodecProvider{}, DocumentCodecProvider{}, CollectionCodecProvider{}, IterableCodecProvider{}, MapCodecProvider{}, GeoJsonCodecProvider{}, GridFSFileCodecProvider{}, Jsr310CodecProvider{}, JsonObjectCodecProvider{}, BsonCodecProvider{}, EnumCodecProvider{}, com.mongodb.client.model.mql.ExpressionCodecProvider@e09f1b6, com.mongodb.Jep395RecordCodecProvider@557b6a37, com.mongodb.KotlinCodecProvider@11b32a14]}, loggerSettings=LoggerSettings{maxDocumentLength=1000}, clusterSettings={hosts=[127.0.0.1:27017], srvHost=cluster0.ietrn0i.mongodb.net, srvServiceName=mongodb, mode=MULTIPLE, requiredClusterType=REPLICA_SET, requiredReplicaSetName='atlas-z3fxuu-shard-0', serverSelector='null', clusterListeners='[]', serverSelectionTimeout='30000 ms', localThreshold='15 ms'}, socketSettings=SocketSettings{connectTimeoutMS=10000, readTimeoutMS=0, receiveBufferSize=0, proxySettings=ProxySettings{host=null, port=null, username=null, password=null}}, heartbeatSocketSettings=SocketSettings{connectTimeoutMS=10000, readTimeoutMS=10000, receiveBufferSize=0, proxySettings=ProxySettings{host=null, port=null, username=null, password=null}}, connectionPoolSettings=ConnectionPoolSettings{maxSize=100, minSize=0, maxWaitTimeMS=120000, maxConnectionLifeTimeMS=0, maxConnectionIdleTimeMS=0, maintenanceInitialDelayMS=0, maintenanceFrequencyMS=60000, connectionPoolListeners=[], maxConnecting=2}, serverSettings=ServerSettings{heartbeatFrequencyMS=10000, minHeartbeatFrequencyMS=500, serverListeners='[]', serverMonitorListeners='[]'}, sslSettings=SslSettings{enabled=true, invalidHostNameAllowed=false, context=null}, applicationName='Cluster0', compressorList=[], uuidRepresentation=JAVA_LEGACY, serverApi=null, autoEncryptionSettings=null, dnsClient=null, inetAddressResolver=null, contextProvider=null}
2026-03-16T20:10:48.928+07:00  INFO 32204 --- [unicare_backend] [n0i.mongodb.net] org.mongodb.driver.cluster               : Adding discovered server ac-krz4mjx-shard-00-00.ietrn0i.mongodb.net:27017 to client view of cluster
2026-03-16T20:10:49.006+07:00  INFO 32204 --- [unicare_backend] [n0i.mongodb.net] org.mongodb.driver.cluster               : Adding discovered server ac-krz4mjx-shard-00-01.ietrn0i.mongodb.net:27017 to client view of cluster
2026-03-16T20:10:49.009+07:00  INFO 32204 --- [unicare_backend] [n0i.mongodb.net] org.mongodb.driver.cluster               : Adding discovered server ac-krz4mjx-shard-00-02.ietrn0i.mongodb.net:27017 to client view of cluster
2026-03-16T20:10:49.760+07:00  INFO 32204 --- [unicare_backend] [           main] r$InitializeUserDetailsManagerConfigurer : Global AuthenticationManager configured with UserDetailsService bean with name userDetailsServiceImpl
2026-03-16T20:10:49.812+07:00  INFO 32204 --- [unicare_backend] [ngodb.net:27017] org.mongodb.driver.cluster               : Monitor thread successfully connected to server with description ServerDescription{address=ac-krz4mjx-shard-00-00.ietrn0i.mongodb.net:27017, type=REPLICA_SET_SECONDARY, state=CONNECTED, ok=true, minWireVersion=0, maxWireVersion=25, maxDocumentSize=16777216, logicalSessionTimeoutMinutes=30, roundTripTimeNanos=496468800, setName='atlas-z3fxuu-shard-0', canonicalAddress=ac-krz4mjx-shard-00-00.ietrn0i.mongodb.net:27017, hosts=[ac-krz4mjx-shard-00-01.ietrn0i.mongodb.net:27017, ac-krz4mjx-shard-00-02.ietrn0i.mongodb.net:27017, ac-krz4mjx-shard-00-00.ietrn0i.mongodb.net:27017], passives=[], arbiters=[], primary='ac-krz4mjx-shard-00-01.ietrn0i.mongodb.net:27017', tagSet=TagSet{[Tag{name='availabilityZone', value='ape1-az1'}, Tag{name='diskState', value='READY'}, Tag{name='nodeType', value='ELECTABLE'}, Tag{name='provider', value='AWS'}, Tag{name='region', value='AP_EAST_1'}, Tag{name='workloadType', value='OPERATIONAL'}]}, electionId=null, setVersion=15, topologyVersion=TopologyVersion{processId=69b40ac1b9a47ec671061a99, counter=4}, lastWriteDate=Mon Mar 16 20:11:07 ICT 2026, lastUpdateTimeNanos=5872539368400}
2026-03-16T20:10:49.812+07:00  INFO 32204 --- [unicare_backend] [ngodb.net:27017] org.mongodb.driver.cluster               : Monitor thread successfully connected to server with description ServerDescription{address=ac-krz4mjx-shard-00-02.ietrn0i.mongodb.net:27017, type=REPLICA_SET_SECONDARY, state=CONNECTED, ok=true, minWireVersion=0, maxWireVersion=25, maxDocumentSize=16777216, logicalSessionTimeoutMinutes=30, roundTripTimeNanos=497801300, setName='atlas-z3fxuu-shard-0', canonicalAddress=ac-krz4mjx-shard-00-02.ietrn0i.mongodb.net:27017, hosts=[ac-krz4mjx-shard-00-01.ietrn0i.mongodb.net:27017, ac-krz4mjx-shard-00-02.ietrn0i.mongodb.net:27017, ac-krz4mjx-shard-00-00.ietrn0i.mongodb.net:27017], passives=[], arbiters=[], primary='ac-krz4mjx-shard-00-01.ietrn0i.mongodb.net:27017', tagSet=TagSet{[Tag{name='availabilityZone', value='ape1-az3'}, Tag{name='diskState', value='READY'}, Tag{name='nodeType', value='ELECTABLE'}, Tag{name='provider', value='AWS'}, Tag{name='region', value='AP_EAST_1'}, Tag{name='workloadType', value='OPERATIONAL'}]}, electionId=null, setVersion=15, topologyVersion=TopologyVersion{processId=69b40b27bc5cf4327433b5ff, counter=3}, lastWriteDate=Mon Mar 16 20:11:07 ICT 2026, lastUpdateTimeNanos=5872539376200}
2026-03-16T20:10:49.812+07:00  INFO 32204 --- [unicare_backend] [ngodb.net:27017] org.mongodb.driver.cluster               : Monitor thread successfully connected to server with description ServerDescription{address=ac-krz4mjx-shard-00-01.ietrn0i.mongodb.net:27017, type=REPLICA_SET_PRIMARY, state=CONNECTED, ok=true, minWireVersion=0, maxWireVersion=25, maxDocumentSize=16777216, logicalSessionTimeoutMinutes=30, roundTripTimeNanos=499214200, setName='atlas-z3fxuu-shard-0', canonicalAddress=ac-krz4mjx-shard-00-01.ietrn0i.mongodb.net:27017, hosts=[ac-krz4mjx-shard-00-01.ietrn0i.mongodb.net:27017, ac-krz4mjx-shard-00-02.ietrn0i.mongodb.net:27017, ac-krz4mjx-shard-00-00.ietrn0i.mongodb.net:27017], passives=[], arbiters=[], primary='ac-krz4mjx-shard-00-01.ietrn0i.mongodb.net:27017', tagSet=TagSet{[Tag{name='availabilityZone', value='ape1-az2'}, Tag{name='diskState', value='READY'}, Tag{name='nodeType', value='ELECTABLE'}, Tag{name='provider', value='AWS'}, Tag{name='region', value='AP_EAST_1'}, Tag{name='workloadType', value='OPERATIONAL'}]}, electionId=7fffffff000000000000008f, setVersion=15, topologyVersion=TopologyVersion{processId=69b40af4ec2c5481bea6039a, counter=6}, lastWriteDate=Mon Mar 16 20:11:07 ICT 2026, lastUpdateTimeNanos=5872539368500}
2026-03-16T20:10:49.823+07:00  INFO 32204 --- [unicare_backend] [ngodb.net:27017] org.mongodb.driver.cluster               : Discovered replica set primary ac-krz4mjx-shard-00-01.ietrn0i.mongodb.net:27017 with max election id 7fffffff000000000000008f and max set version 15
2026-03-16T20:10:50.459+07:00  WARN 32204 --- [unicare_backend] [           main] ConfigServletWebServerApplicationContext : Exception encountered during context initialization - cancelling refresh attempt: org.springframework.context.ApplicationContextException: Failed to start bean 'webServerStartStop'
2026-03-16T20:10:50.546+07:00  INFO 32204 --- [unicare_backend] [           main] .s.b.a.l.ConditionEvaluationReportLogger : 

Error starting ApplicationContext. To display the condition evaluation report re-run your application with 'debug' enabled.
2026-03-16T20:10:50.559+07:00 ERROR 32204 --- [unicare_backend] [           main] o.s.b.d.LoggingFailureAnalysisReporter   : 

***************************
APPLICATION FAILED TO START
***************************

Description:

Web server failed to start. Port 8080 was already in use.

Action:

Identify and stop the process that's listening on port 8080 or configure this application to listen on another port.

